<?xml version="1.0" encoding="UTF-8"?>
<!-- Generated by org.testng.reporters.JUnitReportReporter -->
<testsuite skipped="0" hostname="LAPTOP-R23SUR87" name="com.lampenwelt.testcases.TC001_SearchAndAddProducts" tests="2" failures="0" timestamp="2020-11-30T11:08:23 CET" time="88.665" errors="0">
  <testcase name="validateProductSearch" time="46.281" classname="com.lampenwelt.testcases.TC001_SearchAndAddProducts"/>
  <testcase name="validateProductSearch" time="42.384" classname="com.lampenwelt.testcases.TC001_SearchAndAddProducts"/>
</testsuite> <!-- com.lampenwelt.testcases.TC001_SearchAndAddProducts -->
