<?xml version="1.0" encoding="UTF-8"?>
<!-- Generated by org.testng.reporters.JUnitReportReporter -->
<testsuite skipped="0" hostname="LAPTOP-R23SUR87" name="com.lampenwelt.testcases.TC004_UpdateProductQuantity" tests="1" failures="0" timestamp="2020-11-30T11:08:23 CET" time="48.028" errors="0">
  <testcase name="validateProductSearch" time="48.028" classname="com.lampenwelt.testcases.TC004_UpdateProductQuantity"/>
</testsuite> <!-- com.lampenwelt.testcases.TC004_UpdateProductQuantity -->
