<?xml version="1.0" encoding="UTF-8"?>
<!-- Generated by org.testng.reporters.JUnitReportReporter -->
<testsuite skipped="0" hostname="LAPTOP-R23SUR87" name="com.lampenwelt.testcases.TC005_DeleteProductFromCartPage" tests="1" failures="0" timestamp="2020-11-30T11:08:23 CET" time="51.224" errors="0">
  <testcase name="validateProductSearch" time="51.224" classname="com.lampenwelt.testcases.TC005_DeleteProductFromCartPage"/>
</testsuite> <!-- com.lampenwelt.testcases.TC005_DeleteProductFromCartPage -->
