<?xml version="1.0" encoding="UTF-8"?>
<!-- Generated by org.testng.reporters.JUnitReportReporter -->
<testsuite skipped="0" hostname="LAPTOP-R23SUR87" name="com.lampenwelt.testcases.TC002_AddProductFromCartPage" tests="1" failures="0" timestamp="2020-11-30T11:08:23 CET" time="54.956" errors="0">
  <testcase name="addNewProductFromCartPage" time="54.956" classname="com.lampenwelt.testcases.TC002_AddProductFromCartPage"/>
</testsuite> <!-- com.lampenwelt.testcases.TC002_AddProductFromCartPage -->
